app/build/outputs/logs/manifest-merger-debug-report.txt
-- Merging decision tree log ---
manifest
ADDED from src\main\AndroidManifest.xml:2:1-42:12
	package
		ADDED from src\main\AndroidManifest.xml:3:5-28
		INJECTED from src\main\AndroidManifest.xml
		INJECTED from src\main\AndroidManifest.xml
	android:versionName
		ADDED from src\main\AndroidManifest.xml:5:5-30
		INJECTED from src\main\AndroidManifest.xml
		INJECTED from src\main\AndroidManifest.xml
	android:versionCode
		ADDED from src\main\AndroidManifest.xml:4:5-28
		INJECTED from src\main\AndroidManifest.xml
		INJECTED from src\main\AndroidManifest.xml
	xmlns:android
		ADDED from src\main\AndroidManifest.xml:2:11-69
uses-sdk
ADDED from src\main\AndroidManifest.xml:7:5-9:41
MERGED from [com.android.support:appcompat-v7:23.1.1] AndroidManifest.xml:20:5-43
MERGED from [com.android.support:support-v4:23.1.1] AndroidManifest.xml:20:5-43
MERGED from [cn.finalteam:galleryfinal:1.4.8.7] AndroidManifest.xml:7:5-9:41
MERGED from [com.android.support:support-v4:23.1.1] AndroidManifest.xml:20:5-43
MERGED from [cn.finalteam:toolsfinal:1.1.5] AndroidManifest.xml:7:5-9:41
MERGED from [com.android.support:support-v4:23.1.1] AndroidManifest.xml:20:5-43
	android:targetSdkVersion
		ADDED from src\main\AndroidManifest.xml:9:9-38
		INJECTED from src\main\AndroidManifest.xml
		INJECTED from src\main\AndroidManifest.xml
	android:minSdkVersion
		ADDED from src\main\AndroidManifest.xml:8:9-34
		INJECTED from src\main\AndroidManifest.xml
		INJECTED from src\main\AndroidManifest.xml
uses-permission#android.permission.INTERNET
ADDED from src\main\AndroidManifest.xml:11:5-67
	android:name
		ADDED from src\main\AndroidManifest.xml:11:22-64
uses-permission#android.permission.ACCESS_NETWORK_STATE
ADDED from src\main\AndroidManifest.xml:12:5-79
MERGED from [cn.finalteam:toolsfinal:1.1.5] AndroidManifest.xml:24:5-79
	android:name
		ADDED from src\main\AndroidManifest.xml:12:22-76
uses-permission#android.permission.WRITE_EXTERNAL_STORAGE
ADDED from src\main\AndroidManifest.xml:13:5-81
MERGED from [cn.finalteam:galleryfinal:1.4.8.7] AndroidManifest.xml:14:5-81
MERGED from [cn.finalteam:toolsfinal:1.1.5] AndroidManifest.xml:14:5-81
	android:name
		ADDED from src\main\AndroidManifest.xml:13:22-78
uses-feature#android.hardware.camera
ADDED from src\main\AndroidManifest.xml:15:5-60
	android:name
		ADDED from src\main\AndroidManifest.xml:15:19-57
uses-feature#android.hardware.camera.autofocus
ADDED from src\main\AndroidManifest.xml:16:5-70
	android:name
		ADDED from src\main\AndroidManifest.xml:16:19-67
uses-permission#android.permission.CAMERA
ADDED from src\main\AndroidManifest.xml:17:5-65
	android:name
		ADDED from src\main\AndroidManifest.xml:17:22-62
uses-permission#android.permission.READ_EXTERNAL_STORAGE
ADDED from src\main\AndroidManifest.xml:19:5-80
MERGED from [cn.finalteam:galleryfinal:1.4.8.7] AndroidManifest.xml:16:5-80
MERGED from [cn.finalteam:toolsfinal:1.1.5] AndroidManifest.xml:16:5-80
	android:name
		ADDED from src\main\AndroidManifest.xml:19:22-77
uses-permission#android.permission.MOUNT_UNMOUNT_FILESYSTEMS
ADDED from src\main\AndroidManifest.xml:20:5-84
MERGED from [cn.finalteam:galleryfinal:1.4.8.7] AndroidManifest.xml:12:5-84
MERGED from [cn.finalteam:toolsfinal:1.1.5] AndroidManifest.xml:12:5-84
	android:name
		ADDED from src\main\AndroidManifest.xml:20:22-81
application
ADDED from src\main\AndroidManifest.xml:22:5-40:19
MERGED from [com.android.support:appcompat-v7:23.1.1] AndroidManifest.xml:22:5-20
MERGED from [com.android.support:support-v4:23.1.1] AndroidManifest.xml:22:5-20
MERGED from [cn.finalteam:galleryfinal:1.4.8.7] AndroidManifest.xml:18:5-34:19
MERGED from [com.android.support:support-v4:23.1.1] AndroidManifest.xml:22:5-20
MERGED from [com.android.support:support-v4:23.1.1] AndroidManifest.xml:22:5-20
	android:label
		ADDED from src\main\AndroidManifest.xml:26:9-41
	android:supportsRtl
		ADDED from [cn.finalteam:galleryfinal:1.4.8.7] AndroidManifest.xml:21:9-35
	android:allowBackup
		ADDED from src\main\AndroidManifest.xml:24:9-35
	android:icon
		ADDED from src\main\AndroidManifest.xml:25:9-47
	android:largeHeap
		ADDED from [cn.finalteam:galleryfinal:1.4.8.7] AndroidManifest.xml:20:9-33
	android:theme
		ADDED from src\main\AndroidManifest.xml:27:9-62
	android:name
		ADDED from src\main\AndroidManifest.xml:23:9-56
activity#com.xsy.photo.MainActivity
ADDED from src\main\AndroidManifest.xml:28:9-37:20
	android:label
		ADDED from src\main\AndroidManifest.xml:31:13-45
	android:hardwareAccelerated
		ADDED from src\main\AndroidManifest.xml:30:13-47
	android:name
		ADDED from src\main\AndroidManifest.xml:29:13-54
intent-filter#android.intent.action.MAIN+android.intent.category.LAUNCHER
ADDED from src\main\AndroidManifest.xml:32:13-36:29
action#android.intent.action.MAIN
ADDED from src\main\AndroidManifest.xml:33:17-69
	android:name
		ADDED from src\main\AndroidManifest.xml:33:25-66
category#android.intent.category.LAUNCHER
ADDED from src\main\AndroidManifest.xml:35:17-77
	android:name
		ADDED from src\main\AndroidManifest.xml:35:27-74
activity#com.xsy.photo.activity.ViewPhotosActivity
ADDED from src\main\AndroidManifest.xml:38:8-76
	android:name
		ADDED from src\main\AndroidManifest.xml:38:18-74
activity#com.xsy.photo.activity.UploadImgActivity
ADDED from src\main\AndroidManifest.xml:39:9-95
	android:launchMode
		ADDED from src\main\AndroidManifest.xml:39:62-93
	android:name
		ADDED from src\main\AndroidManifest.xml:39:19-61
activity#cn.finalteam.galleryfinal.PhotoSelectActivity
ADDED from [cn.finalteam:galleryfinal:1.4.8.7] AndroidManifest.xml:22:9-25:52
	android:screenOrientation
		ADDED from [cn.finalteam:galleryfinal:1.4.8.7] AndroidManifest.xml:25:13-49
	android:configChanges
		ADDED from [cn.finalteam:galleryfinal:1.4.8.7] AndroidManifest.xml:24:13-83
	android:name
		ADDED from [cn.finalteam:galleryfinal:1.4.8.7] AndroidManifest.xml:23:13-73
activity#cn.finalteam.galleryfinal.PhotoEditActivity
ADDED from [cn.finalteam:galleryfinal:1.4.8.7] AndroidManifest.xml:26:9-29:52
	android:screenOrientation
		ADDED from [cn.finalteam:galleryfinal:1.4.8.7] AndroidManifest.xml:29:13-49
	android:configChanges
		ADDED from [cn.finalteam:galleryfinal:1.4.8.7] AndroidManifest.xml:28:13-83
	android:name
		ADDED from [cn.finalteam:galleryfinal:1.4.8.7] AndroidManifest.xml:27:13-71
activity#cn.finalteam.galleryfinal.PhotoPreviewActivity
ADDED from [cn.finalteam:galleryfinal:1.4.8.7] AndroidManifest.xml:30:9-33:52
	android:screenOrientation
		ADDED from [cn.finalteam:galleryfinal:1.4.8.7] AndroidManifest.xml:33:13-49
	android:configChanges
		ADDED from [cn.finalteam:galleryfinal:1.4.8.7] AndroidManifest.xml:32:13-83
	android:name
		ADDED from [cn.finalteam:galleryfinal:1.4.8.7] AndroidManifest.xml:31:13-74
uses-permission#android.permission.READ_PHONE_STATE
ADDED from [cn.finalteam:toolsfinal:1.1.5] AndroidManifest.xml:18:5-75
	android:name
		ADDED from [cn.finalteam:toolsfinal:1.1.5] AndroidManifest.xml:18:22-72
uses-permission#android.permission.ACCESS_WIFI_STATE
ADDED from [cn.finalteam:toolsfinal:1.1.5] AndroidManifest.xml:20:5-76
	android:name
		ADDED from [cn.finalteam:toolsfinal:1.1.5] AndroidManifest.xml:20:22-73
uses-permission#android.permission.GET_TASKS
ADDED from [cn.finalteam:toolsfinal:1.1.5] AndroidManifest.xml:22:5-68
	android:name
		ADDED from [cn.finalteam:toolsfinal:1.1.5] AndroidManifest.xml:22:22-65
uses-permission#android.permission.CALL_PHONE
ADDED from [cn.finalteam:toolsfinal:1.1.5] AndroidManifest.xml:26:5-69
	android:name
		ADDED from [cn.finalteam:toolsfinal:1.1.5] AndroidManifest.xml:26:22-66